<?xml version="1.0" encoding="UTF-8"?>
<testng-results total="1" passed="1" failed="0" skipped="0">
  <reporter-output>
  </reporter-output>
  <suite started-at="2023-10-06T08:31:57Z" name="Suite" finished-at="2023-10-06T08:33:25Z" duration-ms="87906">
    <groups>
    </groups>
    <test started-at="2023-10-06T08:31:57Z" name="Test" finished-at="2023-10-06T08:33:25Z" duration-ms="87906">
      <class name="jenkinsMavenIntegration.SampleTestCase">
        <test-method signature="lauchBrowser(java.lang.String)[pri:0, instance:jenkinsMavenIntegration.SampleTestCase@10f7f7de]" started-at="2023-10-06T14:01:57Z" name="lauchBrowser" finished-at="2023-10-06T14:03:25Z" duration-ms="87895" status="PASS">
          <params>
            <param index="0">
              <value>
                <![CDATA[]]>
              </value>
            </param>
          </params>
          <reporter-output>
          </reporter-output>
        </test-method> <!-- lauchBrowser -->
      </class> <!-- jenkinsMavenIntegration.SampleTestCase -->
    </test> <!-- Test -->
  </suite> <!-- Suite -->
</testng-results>
